[06:06:15] [Server thread/INFO]: There are 0 of a max of 20 players online: 
[11:55:07] [Server thread/WARN]: Can't keep up! Is the server overloaded? Running 25426ms or 508 ticks behind
[12:25:39] [Server thread/WARN]: Can't keep up! Is the server overloaded? Running 32221ms or 644 ticks behind
[14:27:19] [Server thread/INFO]: [0;31;1mCustomEnderchest does not recommend server reloads. If you have issues after running this command stop using it.[m
[14:27:19] [Server thread/INFO]: CONSOLE: [0;31;1mPlease note that this command is not supported and may cause issues when using some plugins.[m
[14:27:19] [Server thread/INFO]: CONSOLE: [0;31;1mIf you encounter any issues please use the /stop command to restart your server.[m
[14:27:19] [Server thread/INFO]: Debug logging is disabled
[14:27:19] [Server thread/INFO]: Server Ping Player Sample Count: 12
[14:27:19] [Server thread/INFO]: Using 4 threads for Netty based IO
[14:27:19] [Server thread/INFO]: -------- World Settings For [world] --------
[14:27:19] [Server thread/INFO]: Item Merge Radius: 2.5
[14:27:19] [Server thread/INFO]: Item Despawn Rate: 6000
[14:27:19] [Server thread/INFO]: Simulation Distance: 10
[14:27:19] [Server thread/INFO]: View Distance: 10
[14:27:19] [Server thread/INFO]: Allow Zombie Pigmen to spawn from portal blocks: true
[14:27:19] [Server thread/INFO]: Nerfing mobs spawned from spawners: false
[14:27:19] [Server thread/INFO]: Zombie Aggressive Towards Villager: true
[14:27:19] [Server thread/INFO]: Arrow Despawn Rate: 1200 Trident Respawn Rate:1200
[14:27:19] [Server thread/INFO]: Mob Spawn Range: 6
[14:27:19] [Server thread/INFO]: Experience Merge Radius: 3.0
[14:27:19] [Server thread/INFO]: Cactus Growth Modifier: 100%
[14:27:19] [Server thread/INFO]: Cane Growth Modifier: 100%
[14:27:19] [Server thread/INFO]: Melon Growth Modifier: 100%
[14:27:19] [Server thread/INFO]: Mushroom Growth Modifier: 100%
[14:27:19] [Server thread/INFO]: Pumpkin Growth Modifier: 100%
[14:27:19] [Server thread/INFO]: Sapling Growth Modifier: 100%
[14:27:19] [Server thread/INFO]: Beetroot Growth Modifier: 100%
[14:27:19] [Server thread/INFO]: Carrot Growth Modifier: 100%
[14:27:19] [Server thread/INFO]: Potato Growth Modifier: 100%
[14:27:19] [Server thread/INFO]: Wheat Growth Modifier: 100%
[14:27:19] [Server thread/INFO]: NetherWart Growth Modifier: 100%
[14:27:19] [Server thread/INFO]: Vine Growth Modifier: 100%
[14:27:19] [Server thread/INFO]: Cocoa Growth Modifier: 100%
[14:27:19] [Server thread/INFO]: Bamboo Growth Modifier: 100%
[14:27:19] [Server thread/INFO]: SweetBerry Growth Modifier: 100%
[14:27:19] [Server thread/INFO]: Kelp Growth Modifier: 100%
[14:27:19] [Server thread/INFO]: Entity Activation Range: An 32 / Mo 32 / Ra 48 / Mi 16 / Tiv true / Isa false
[14:27:19] [Server thread/INFO]: Hopper Transfer: 8 Hopper Check: 1 Hopper Amount: 1
[14:27:19] [Server thread/INFO]: Entity Tracking Range: Pl 48 / An 48 / Mo 48 / Mi 32 / Other 64
[14:27:19] [Server thread/INFO]: Custom Map Seeds:  Village: 10387312 Desert: 14357617 Igloo: 14357618 Jungle: 14357619 Swamp: 14357620 Monument: 10387313 Ocean: 14357621 Shipwreck: 165745295 End City: 10387313 Slime: 987234911 Nether: 30084232 Mansion: 10387319 Fossil: 14357921 Portal: 34222645
[14:27:19] [Server thread/INFO]: Max TNT Explosions: 100
[14:27:19] [Server thread/INFO]: Tile Max Tick Time: 50ms Entity max Tick Time: 50ms
[14:27:19] [Server thread/INFO]: -------- World Settings For [world_nether] --------
[14:27:19] [Server thread/INFO]: Item Merge Radius: 2.5
[14:27:19] [Server thread/INFO]: Item Despawn Rate: 6000
[14:27:19] [Server thread/INFO]: Simulation Distance: 10
[14:27:19] [Server thread/INFO]: View Distance: 10
[14:27:19] [Server thread/INFO]: Allow Zombie Pigmen to spawn from portal blocks: true
[14:27:19] [Server thread/INFO]: Nerfing mobs spawned from spawners: false
[14:27:19] [Server thread/INFO]: Zombie Aggressive Towards Villager: true
[14:27:19] [Server thread/INFO]: Arrow Despawn Rate: 1200 Trident Respawn Rate:1200
[14:27:19] [Server thread/INFO]: Mob Spawn Range: 6
[14:27:19] [Server thread/INFO]: Experience Merge Radius: 3.0
[14:27:19] [Server thread/INFO]: Cactus Growth Modifier: 100%
[14:27:19] [Server thread/INFO]: Cane Growth Modifier: 100%
[14:27:19] [Server thread/INFO]: Melon Growth Modifier: 100%
[14:27:19] [Server thread/INFO]: Mushroom Growth Modifier: 100%
[14:27:19] [Server thread/INFO]: Pumpkin Growth Modifier: 100%
[14:27:19] [Server thread/INFO]: Sapling Growth Modifier: 100%
[14:27:19] [Server thread/INFO]: Beetroot Growth Modifier: 100%
[14:27:19] [Server thread/INFO]: Carrot Growth Modifier: 100%
[14:27:19] [Server thread/INFO]: Potato Growth Modifier: 100%
[14:27:19] [Server thread/INFO]: Wheat Growth Modifier: 100%
[14:27:19] [Server thread/INFO]: NetherWart Growth Modifier: 100%
[14:27:19] [Server thread/INFO]: Vine Growth Modifier: 100%
[14:27:19] [Server thread/INFO]: Cocoa Growth Modifier: 100%
[14:27:19] [Server thread/INFO]: Bamboo Growth Modifier: 100%
[14:27:19] [Server thread/INFO]: SweetBerry Growth Modifier: 100%
[14:27:19] [Server thread/INFO]: Kelp Growth Modifier: 100%
[14:27:19] [Server thread/INFO]: Entity Activation Range: An 32 / Mo 32 / Ra 48 / Mi 16 / Tiv true / Isa false
[14:27:19] [Server thread/INFO]: Hopper Transfer: 8 Hopper Check: 1 Hopper Amount: 1
[14:27:19] [Server thread/INFO]: Entity Tracking Range: Pl 48 / An 48 / Mo 48 / Mi 32 / Other 64
[14:27:19] [Server thread/INFO]: Custom Map Seeds:  Village: 10387312 Desert: 14357617 Igloo: 14357618 Jungle: 14357619 Swamp: 14357620 Monument: 10387313 Ocean: 14357621 Shipwreck: 165745295 End City: 10387313 Slime: 987234911 Nether: 30084232 Mansion: 10387319 Fossil: 14357921 Portal: 34222645
[14:27:19] [Server thread/INFO]: Max TNT Explosions: 100
[14:27:19] [Server thread/INFO]: Tile Max Tick Time: 50ms Entity max Tick Time: 50ms
[14:27:19] [Server thread/INFO]: -------- World Settings For [world_the_end] --------
[14:27:19] [Server thread/INFO]: Item Merge Radius: 2.5
[14:27:19] [Server thread/INFO]: Item Despawn Rate: 6000
[14:27:19] [Server thread/INFO]: Simulation Distance: 10
[14:27:19] [Server thread/INFO]: View Distance: 10
[14:27:19] [Server thread/INFO]: Allow Zombie Pigmen to spawn from portal blocks: true
[14:27:19] [Server thread/INFO]: Nerfing mobs spawned from spawners: false
[14:27:19] [Server thread/INFO]: Zombie Aggressive Towards Villager: true
[14:27:19] [Server thread/INFO]: Arrow Despawn Rate: 1200 Trident Respawn Rate:1200
[14:27:19] [Server thread/INFO]: Mob Spawn Range: 6
[14:27:19] [Server thread/INFO]: Experience Merge Radius: 3.0
[14:27:19] [Server thread/INFO]: Cactus Growth Modifier: 100%
[14:27:19] [Server thread/INFO]: Cane Growth Modifier: 100%
[14:27:19] [Server thread/INFO]: Melon Growth Modifier: 100%
[14:27:19] [Server thread/INFO]: Mushroom Growth Modifier: 100%
[14:27:19] [Server thread/INFO]: Pumpkin Growth Modifier: 100%
[14:27:19] [Server thread/INFO]: Sapling Growth Modifier: 100%
[14:27:19] [Server thread/INFO]: Beetroot Growth Modifier: 100%
[14:27:19] [Server thread/INFO]: Carrot Growth Modifier: 100%
[14:27:19] [Server thread/INFO]: Potato Growth Modifier: 100%
[14:27:19] [Server thread/INFO]: Wheat Growth Modifier: 100%
[14:27:19] [Server thread/INFO]: NetherWart Growth Modifier: 100%
[14:27:19] [Server thread/INFO]: Vine Growth Modifier: 100%
[14:27:19] [Server thread/INFO]: Cocoa Growth Modifier: 100%
[14:27:19] [Server thread/INFO]: Bamboo Growth Modifier: 100%
[14:27:19] [Server thread/INFO]: SweetBerry Growth Modifier: 100%
[14:27:19] [Server thread/INFO]: Kelp Growth Modifier: 100%
[14:27:19] [Server thread/INFO]: Entity Activation Range: An 32 / Mo 32 / Ra 48 / Mi 16 / Tiv true / Isa false
[14:27:19] [Server thread/INFO]: Hopper Transfer: 8 Hopper Check: 1 Hopper Amount: 1
[14:27:19] [Server thread/INFO]: Entity Tracking Range: Pl 48 / An 48 / Mo 48 / Mi 32 / Other 64
[14:27:19] [Server thread/INFO]: Custom Map Seeds:  Village: 10387312 Desert: 14357617 Igloo: 14357618 Jungle: 14357619 Swamp: 14357620 Monument: 10387313 Ocean: 14357621 Shipwreck: 165745295 End City: 10387313 Slime: 987234911 Nether: 30084232 Mansion: 10387319 Fossil: 14357921 Portal: 34222645
[14:27:19] [Server thread/INFO]: Max TNT Explosions: 100
[14:27:19] [Server thread/INFO]: Tile Max Tick Time: 50ms Entity max Tick Time: 50ms
[14:27:19] [Server thread/INFO]: [CubCustomDrops] Disabling CubCustomDrops v5.5.1
[14:27:19] [Server thread/INFO]: [StatsSB] Disabling StatsSB v4.0.6-Lite
[14:27:19] [Server thread/INFO]: AL-SQLite-Pool - Shutdown initiated...
[14:27:19] [Server thread/INFO]: AL-SQLite-Pool - Shutdown completed.
[14:27:19] [Server thread/INFO]: [DecentHolograms] Disabling DecentHolograms v2.3.1
[14:27:19] [Server thread/INFO]: [AntiCreeper] Disabling AntiCreeper v5.1
[14:27:19] [Server thread/INFO]: [CustomEnderChest] Disabling CustomEnderChest v1.13.1
[14:27:19] [Server thread/INFO]: [CustomEnderChest] Cleaning internal data...
[14:27:19] [Server thread/INFO]: [CustomEnderChest] CustomEnderChest is disabled!
[14:27:19] [Server thread/INFO]: [AntiBuild] Disabling AntiBuild v1.0
[14:27:19] [Server thread/INFO]: [AntiBuild] AntiBuild is disabled!
[14:27:19] [Server thread/INFO]: [SkinsRestorer] Disabling SkinsRestorer v14.1.15
[14:27:19] [Server thread/INFO]: [LuckPerms] Disabling LuckPerms v5.4.9
[14:27:19] [Server thread/INFO]: [LuckPerms] Starting shutdown process...
[14:27:19] [Server thread/INFO]: [LuckPerms] Closing storage...
[14:27:20] [Server thread/INFO]: [LuckPerms] Goodbye!
[14:27:20] [Server thread/INFO]: [QualityArmory] Disabling QualityArmory v2.0.6
[14:27:20] [Server thread/INFO]: [ClearLag] Disabling ClearLag v3.2.2
[14:27:20] [Server thread/INFO]: [ClearLag] Clearlag is now disabled!
[14:27:21] [Server thread/INFO]: Loaded 7 recipes
[14:27:22] [Server thread/WARN]: Legacy plugin AntiBuild v1.0 does not specify an api-version.
[14:27:22] [Server thread/INFO]: [ClearLag] Loading ClearLag v3.2.2
[14:27:22] [Server thread/INFO]: [QualityArmory] Loading QualityArmory v2.0.6
[14:27:22] [Server thread/INFO]: [LuckPerms] Loading LuckPerms v5.4.9
[14:27:23] [Server thread/INFO]: [SkinsRestorer] Loading SkinsRestorer v14.1.15
[14:27:23] [Server thread/INFO]: [AntiBuild] Loading AntiBuild v1.0
[14:27:23] [Server thread/INFO]: [CustomEnderChest] Loading CustomEnderChest v1.13.1
[14:27:23] [Server thread/INFO]: [AntiCreeper] Loading AntiCreeper v5.1
[14:27:23] [Server thread/INFO]: [DecentHolograms] Loading DecentHolograms v2.3.1
[14:27:23] [Server thread/INFO]: [StatsSB] Loading StatsSB v4.0.6-Lite
[14:27:23] [Server thread/INFO]: [CubCustomDrops] Loading CubCustomDrops v5.5.1
[14:27:23] [Server thread/INFO]: [LuckPerms] Enabling LuckPerms v5.4.9
[14:27:23] [Server thread/INFO]: [0;36;1m       [0;36;22m __    [m
[14:27:23] [Server thread/INFO]: [0;36;1m  |    [0;36;22m|__)   [0;32;22mLuckPerms[m [0;36;1mv5.4.9[m
[14:27:23] [Server thread/INFO]: [0;36;1m  |___ [0;36;22m|      [0;30;1mRunning on Bukkit - CraftBukkit[m
[14:27:23] [Server thread/INFO]: [m
[14:27:23] [Server thread/INFO]: [LuckPerms] Loading configuration...
[14:27:24] [Server thread/INFO]: [LuckPerms] Loading storage provider... [H2]
[14:27:24] [Server thread/INFO]: [LuckPerms] Loading internal permission managers...
[14:27:25] [Server thread/INFO]: [LuckPerms] Performing initial data load...
[14:27:25] [Server thread/INFO]: [LuckPerms] Successfully enabled. (took 2408ms)
[14:27:25] [Server thread/INFO]: [CustomEnderChest] Enabling CustomEnderChest v1.13.1
[14:27:25] [Server thread/INFO]: [CustomEnderChest] Incompatible server version detected: 1.18.2 . Running into 1.16 API mode.
[14:27:25] [Server thread/INFO]: [CustomEnderChest] Loading the config file...
[14:27:26] [Server thread/INFO]: [CustomEnderChest] Config loaded successfully!
[14:27:26] [Server thread/INFO]: [CustomEnderChest] Using FlatFile system for data. IMPORTANT! We recommend MySQL.
[14:27:26] [Server thread/INFO]: [CustomEnderChest] CustomEnderChest loaded successfully!
[14:27:26] [Server thread/INFO]: [ClearLag] Enabling ClearLag v3.2.2
[14:27:26] [Server thread/INFO]: [ClearLag] Using version-adapter: LatestVersionAdapter
[14:27:26] [Server thread/INFO]: [ClearLag] Loading modules...
[14:27:26] [Server thread/WARN]: [ClearLag] Clearlag failed to use the internal TPS tracker during initialization. Reverted to estimation... (net.minecraft.server.v1_18_R2.MinecraftServer)
[14:27:26] [Server thread/INFO]: [ClearLag] Modules enabed, loading config values
[14:27:26] [Server thread/INFO]: [ClearLag] Modules have been loaded!
[14:27:26] [Server thread/INFO]: [ClearLag] Clearlag is now enabled!
[14:27:26] [Server thread/INFO]: [QualityArmory] Enabling QualityArmory v2.0.6
[14:27:26] [Thread-1658/INFO]: [ClearLag] Checking for updates compatible with your bukkit version [1.18]...
[14:27:27] [Server thread/INFO]: [QualityArmory] -Loaded 11 Ammo types.
[14:27:27] [Server thread/INFO]: [QualityArmory] -Loaded 16 Misc.
[14:27:27] [Thread-1658/INFO]: [ClearLag] No updates found!
[14:27:27] [Server thread/INFO]: [QualityArmory] -Loaded 70 Gun types.
[14:27:27] [Server thread/INFO]: [QualityArmory] -Loading Attachment: awpasiimov
[14:27:27] [Server thread/INFO]: [QualityArmory] -Loading Attachment: p30silenced
[14:27:27] [Server thread/INFO]: [QualityArmory] -Loading Attachment: uzicorn
[14:27:27] [Server thread/INFO]: [QualityArmory] -Loaded 3 Attachment types.
[14:27:27] [Server thread/INFO]: [QualityArmory] -Loaded 4 Armor types.
[14:27:27] [Server thread/INFO]: [SkinsRestorer] Enabling SkinsRestorer v14.1.15
[14:27:28] [Server thread/INFO]: [33;1m[[32;22mSkinsRestorer[33;1m] [0;39m[32;1mDetected Minecraft [33;1mv1_18_R2[32;1m, using [33;1mMappingSpigotSkinRefresher[32;1m.[0;39m[m
[14:27:28] [Server thread/INFO]: [AntiBuild] Enabling AntiBuild v1.0
[14:27:28] [Server thread/INFO]: [AntiBuild] AntiBuild is started!
[14:27:28] [Server thread/INFO]: [AntiCreeper] Enabling AntiCreeper v5.1
[14:27:28] [Server thread/INFO]: [AntiCreeper] brought to you by Filbert66
[14:27:28] [Server thread/INFO]: [AntiCreeper] successfully set log level to FINEST
[14:27:28] [Server thread/INFO]: [DecentHolograms] Enabling DecentHolograms v2.3.1
[14:27:28] [Server thread/INFO]: [StatsSB] Enabling StatsSB v4.0.6-Lite
[14:27:28] [Server thread/INFO]: AL-SQLite-Pool - Starting...
[14:27:28] [Server thread/INFO]: AL-SQLite-Pool - Start completed.
[14:27:28] [Server thread/INFO]: [0;34;1m[[0;36;1mStatsSB[0;34;1m] [0;36;1mVault Not Detected! [0;31;1mDisabling Economy Capability.[m
[14:27:28] [Server thread/INFO]: [CubCustomDrops] Enabling CubCustomDrops v5.5.1
[14:27:29] [Server thread/INFO]: Server permissions file permissions.yml is empty, ignoring it
[14:27:29] [Server thread/INFO]: CONSOLE: [0;32;1mReload complete.[m
[14:27:29] [Server thread/WARN]: Can't keep up! Is the server overloaded? Running 10250ms or 205 ticks behind
[14:27:29] [Craft Scheduler Thread - 349/INFO]: [33;1m[[32;22mSkinsRestorer[33;1m] [0;39m[32;1m----------------------------------------------[0;39m[m
[14:27:29] [Craft Scheduler Thread - 349/INFO]: [33;1m[[32;22mSkinsRestorer[33;1m] [0;39m[32;1m    +==================+[0;39m[m
[14:27:29] [Craft Scheduler Thread - 349/INFO]: [33;1m[[32;22mSkinsRestorer[33;1m] [0;39m[32;1m    |   SkinsRestorer  |[0;39m[m
[14:27:29] [Craft Scheduler Thread - 349/INFO]: [33;1m[[32;22mSkinsRestorer[33;1m] [0;39m[32;1m    |------------------|[0;39m[m
[14:27:29] [Craft Scheduler Thread - 349/INFO]: [33;1m[[32;22mSkinsRestorer[33;1m] [0;39m[32;1m    |  [34;1m[4m[21mStandalone Mode[0;39m[32;1m |[0;39m[m
[14:27:29] [Craft Scheduler Thread - 349/INFO]: [33;1m[[32;22mSkinsRestorer[33;1m] [0;39m[32;1m    +==================+[0;39m[m
[14:27:29] [Craft Scheduler Thread - 349/INFO]: [33;1m[[32;22mSkinsRestorer[33;1m] [0;39m[32;1m----------------------------------------------[0;39m[m
[14:27:29] [Craft Scheduler Thread - 349/INFO]: [33;1m[[32;22mSkinsRestorer[33;1m] [0;39m[36;1m    Current version: [32;1m14.1.15[0;39m[m
[14:27:29] [Craft Scheduler Thread - 349/INFO]: [33;1m[[32;22mSkinsRestorer[33;1m] [0;39m[32;1m    This is the latest version![0;39m[m
[14:27:29] [Craft Scheduler Thread - 349/INFO]: [33;1m[[32;22mSkinsRestorer[33;1m] [0;39m[32;1m----------------------------------------------[0;39m[m
[14:27:53] [Server thread/INFO]: There are 0 of a max of 20 players online: 
[20:36:25] [Server thread/INFO]: There are 0 of a max of 20 players online: 
[21:57:27] [Server thread/INFO]: There are 0 of a max of 20 players online: 
[22:01:29] [Server thread/INFO]: Stopping the server
[22:01:29] [Server thread/INFO]: Stopping server
[22:01:29] [Server thread/INFO]: [CubCustomDrops] Disabling CubCustomDrops v5.5.1
[22:01:29] [Server thread/INFO]: [StatsSB] Disabling StatsSB v4.0.6-Lite
[22:01:29] [Server thread/INFO]: AL-SQLite-Pool - Shutdown initiated...
[22:01:29] [Server thread/INFO]: AL-SQLite-Pool - Shutdown completed.
[22:01:29] [Server thread/INFO]: [DecentHolograms] Disabling DecentHolograms v2.3.1
[22:01:29] [Server thread/INFO]: [AntiCreeper] Disabling AntiCreeper v5.1
[22:01:29] [Server thread/INFO]: [CustomEnderChest] Disabling CustomEnderChest v1.13.1
[22:01:29] [Server thread/INFO]: [CustomEnderChest] Cleaning internal data...
[22:01:29] [Server thread/INFO]: [CustomEnderChest] CustomEnderChest is disabled!
[22:01:29] [Server thread/INFO]: [AntiBuild] Disabling AntiBuild v1.0
[22:01:29] [Server thread/INFO]: [AntiBuild] AntiBuild is disabled!
[22:01:29] [Server thread/INFO]: [SkinsRestorer] Disabling SkinsRestorer v14.1.15
[22:01:29] [Server thread/INFO]: [LuckPerms] Disabling LuckPerms v5.4.9
[22:01:29] [Server thread/INFO]: [LuckPerms] Starting shutdown process...
[22:01:29] [Server thread/INFO]: [LuckPerms] Closing storage...
[22:01:30] [Server thread/INFO]: [LuckPerms] Goodbye!
[22:01:30] [Server thread/INFO]: [QualityArmory] Disabling QualityArmory v2.0.6
[22:01:30] [Server thread/INFO]: [ClearLag] Disabling ClearLag v3.2.2
[22:01:30] [Server thread/INFO]: [ClearLag] Clearlag is now disabled!
[22:01:30] [Server thread/INFO]: Saving players
[22:01:30] [Server thread/INFO]: Saving worlds
[22:01:35] [Server thread/INFO]: Saving chunks for level 'ServerLevel[world]'/minecraft:overworld
[22:01:36] [Server thread/INFO]: Saving chunks for level 'ServerLevel[world_nether]'/minecraft:the_nether
[22:01:37] [Server thread/INFO]: Saving chunks for level 'ServerLevel[world_the_end]'/minecraft:the_end
[22:01:37] [Server thread/INFO]: ThreadedAnvilChunkStorage (world): All chunks are saved
[22:01:37] [Server thread/INFO]: ThreadedAnvilChunkStorage (DIM-1): All chunks are saved
[22:01:37] [Server thread/INFO]: ThreadedAnvilChunkStorage (DIM1): All chunks are saved
[22:01:37] [Server thread/INFO]: ThreadedAnvilChunkStorage: All dimensions are saved
